[INFO] Scanning for projects...
[INFO] Searching repository for plugin with prefix: 'jetty'.
[INFO] ------------------------------------------------------------------------
[INFO] Building DHIS Patient Management
[INFO]    task-segment: [clean, jetty:run-war]
[INFO] ------------------------------------------------------------------------
[INFO] [clean:clean]
[INFO] Deleting directory C:\Coding\DHIS-Patient\dhis-patient\dhis-2\dhis-web\dhis-web-maintenance\dhis-web-maintenance-patient\target
[INFO] Preparing jetty:run-war
[INFO] [resources:resources]
[INFO] Using encoding: 'UTF-8' to copy filtered resources.
[INFO] [compiler:compile]
[INFO] Compiling 20 source files to C:\Coding\DHIS-Patient\dhis-patient\dhis-2\dhis-web\dhis-web-maintenance\dhis-web-maintenance-patient\target\classes
[INFO] [resources:testResources]
[INFO] Using encoding: 'UTF-8' to copy filtered resources.
[INFO] [compiler:testCompile]
[INFO] No sources to compile
[INFO] [surefire:test]
[INFO] No tests to run.
[INFO] [war:war]
[INFO] Exploding webapp...
[INFO] Assembling webapp dhis-web-maintenance-patient in C:\Coding\DHIS-Patient\dhis-patient\dhis-2\dhis-web\dhis-web-maintenance\dhis-web-maintenance-patient\target\dhis-web-maintenance-patient
[INFO] Copy webapp webResources to C:\Coding\DHIS-Patient\dhis-patient\dhis-2\dhis-web\dhis-web-maintenance\dhis-web-maintenance-patient\target\dhis-web-maintenance-patient
[INFO] Building jar: C:\Coding\DHIS-Patient\dhis-patient\dhis-2\dhis-web\dhis-web-maintenance\dhis-web-maintenance-patient\target\dhis-web-maintenance-patient\WEB-INF\lib\dhis-web-maintenance-patient.jar
[INFO] Expanding: C:\Documents and Settings\abyotag_adm\.m2\repository\org\hisp\dhis\dhis-web-commons-resources\2.0.3-SNAPSHOT\dhis-web-commons-resources-2.0.3-SNAPSHOT.war into C:\Coding\DHIS-Patient\dhis-patient\dhis-2\dhis-web\dhis-web-maintenance\dhis-web-maintenance-patient\target\war\work\dhis-web-commons-resources-2.0.3-SNAPSHOT
[INFO] Overlaying 1 war(s).
[INFO] Generating war C:\Coding\DHIS-Patient\dhis-patient\dhis-2\dhis-web\dhis-web-maintenance\dhis-web-maintenance-patient\target\dhis-web-maintenance-patient.war
[INFO] Building war: C:\Coding\DHIS-Patient\dhis-patient\dhis-2\dhis-web\dhis-web-maintenance\dhis-web-maintenance-patient\target\dhis-web-maintenance-patient.war
[INFO] [jetty:run-war]
[INFO] Configuring Jetty for project: DHIS Patient Management
[INFO] Context path = /
[INFO] Tmp directory =  determined at runtime
[INFO] Web defaults = org/mortbay/jetty/webapp/webdefault.xml
[INFO] Web overrides =  none
[INFO] Starting jetty 6.1.16 ...
* INFO  00:23:18,125 System property dhis2.home not set (DefaultLocationManager.java [main])
* INFO  00:23:18,125 Environment variable DHIS2_HOME points to C:\Documents and Settings\abyotag_adm\dhis (DefaultLocationManager.java [main])
* ERROR 00:23:18,687 Context initialization failed (ContextLoader.java [main])
org.springframework.beans.factory.BeanCreationException: Error creating bean with name 'org.hisp.dhis.i18n.hibernate.HibernateI18nPostLoadEventListener' defined in URL [jar:file:/C:/Coding/DHIS-Patient/dhis-patient/dhis-2/dhis-web/dhis-web-maintenance/dhis-web-maintenance-patient/target/work/webapp/WEB-INF/lib/dhis-i18n-db-2.0.3-SNAPSHOT.jar!/META-INF/dhis/beans.xml]: Cannot resolve reference to bean 'org.hisp.dhis.i18n.I18nService' while setting bean property 'i18nService'; nested exception is org.springframework.beans.factory.BeanCreationException: Error creating bean with name 'org.hisp.dhis.i18n.I18nService' defined in URL [jar:file:/C:/Coding/DHIS-Patient/dhis-patient/dhis-2/dhis-web/dhis-web-maintenance/dhis-web-maintenance-patient/target/work/webapp/WEB-INF/lib/dhis-i18n-db-2.0.3-SNAPSHOT.jar!/META-INF/dhis/beans.xml]: Cannot resolve reference to bean 'org.hisp.dhis.translation.TranslationService' while setting bean property 'translationService'; nested exception is org.springframework.beans.factory.BeanCreationException: Error creating bean with name 'org.hisp.dhis.translation.TranslationService' defined in URL [jar:file:/C:/Coding/DHIS-Patient/dhis-patient/dhis-2/dhis-web/dhis-web-maintenance/dhis-web-maintenance-patient/target/work/webapp/WEB-INF/lib/dhis-i18n-db-2.0.3-SNAPSHOT.jar!/META-INF/dhis/beans.xml]: Cannot resolve reference to bean 'org.hisp.dhis.translation.TranslationStore' while setting bean property 'translationStore'; nested exception is org.springframework.beans.factory.BeanCreationException: Error creating bean with name 'org.hisp.dhis.translation.TranslationStore' defined in URL [jar:file:/C:/Coding/DHIS-Patient/dhis-patient/dhis-2/dhis-web/dhis-web-maintenance/dhis-web-maintenance-patient/target/work/webapp/WEB-INF/lib/dhis-i18n-db-2.0.3-SNAPSHOT.jar!/META-INF/dhis/beans.xml]: Cannot resolve reference to bean 'sessionFactory' while setting bean property 'sessionFactory'; nested exception is org.springframework.beans.factory.BeanCreationException: Error creating bean with name 'sessionFactory' defined in URL [jar:file:/C:/Coding/DHIS-Patient/dhis-patient/dhis-2/dhis-web/dhis-web-maintenance/dhis-web-maintenance-patient/target/work/webapp/WEB-INF/lib/dhis-support-hibernate-2.0.3-SNAPSHOT.jar!/META-INF/dhis/beans.xml]: Cannot resolve reference to bean 'dataSource' while setting bean property 'dataSource'; nested exception is org.springframework.beans.factory.BeanCreationException: Error creating bean with name 'dataSource' defined in URL [jar:file:/C:/Coding/DHIS-Patient/dhis-patient/dhis-2/dhis-web/dhis-web-maintenance/dhis-web-maintenance-patient/target/work/webapp/WEB-INF/lib/dhis-support-hibernate-2.0.3-SNAPSHOT.jar!/META-INF/dhis/beans.xml]: Cannot resolve reference to bean 'driverClassName' while setting bean property 'driverClass'; nested exception is org.springframework.beans.factory.BeanCreationException: Error creating bean with name 'driverClassName' defined in URL [jar:file:/C:/Coding/DHIS-Patient/dhis-patient/dhis-2/dhis-web/dhis-web-maintenance/dhis-web-maintenance-patient/target/work/webapp/WEB-INF/lib/dhis-support-hibernate-2.0.3-SNAPSHOT.jar!/META-INF/dhis/beans.xml]: Cannot resolve reference to bean 'org.hisp.dhis.hibernate.HibernateConfigurationProvider' while setting bean property 'hibernateConfigurationProvider'; nested exception is org.springframework.beans.factory.BeanCreationException: Error creating bean with name 'org.hisp.dhis.hibernate.HibernateConfigurationProvider' defined in URL [jar:file:/C:/Coding/DHIS-Patient/dhis-patient/dhis-2/dhis-web/dhis-web-maintenance/dhis-web-maintenance-patient/target/work/webapp/WEB-INF/lib/dhis-support-hibernate-2.0.3-SNAPSHOT.jar!/META-INF/dhis/beans.xml]: Invocation of init method failed; nested exception is org.hibernate.InvalidMappingException: Could not read mapping documents from jar: dhis-service-core-2.0.3-SNAPSHOT.jar
	at org.springframework.beans.factory.support.BeanDefinitionValueResolver.resolveReference(BeanDefinitionValueResolver.java:275)
	at org.springframework.beans.factory.support.BeanDefinitionValueResolver.resolveValueIfNecessary(BeanDefinitionValueResolver.java:104)
	at org.springframework.beans.factory.support.AbstractAutowireCapableBeanFactory.applyPropertyValues(AbstractAutowireCapableBeanFactory.java:1245)
	at org.springframework.beans.factory.support.AbstractAutowireCapableBeanFactory.populateBean(AbstractAutowireCapableBeanFactory.java:1010)
	at org.springframework.beans.factory.support.AbstractAutowireCapableBeanFactory.doCreateBean(AbstractAutowireCapableBeanFactory.java:472)
	at org.springframework.beans.factory.support.AbstractAutowireCapableBeanFactory$1.run(AbstractAutowireCapableBeanFactory.java:409)
	at java.security.AccessController.doPrivileged(Native Method)
	at org.springframework.beans.factory.support.AbstractAutowireCapableBeanFactory.createBean(AbstractAutowireCapableBeanFactory.java:380)
	at org.springframework.beans.factory.support.AbstractBeanFactory$1.getObject(AbstractBeanFactory.java:264)
	at org.springframework.beans.factory.support.DefaultSingletonBeanRegistry.getSingleton(DefaultSingletonBeanRegistry.java:222)
	at org.springframework.beans.factory.support.AbstractBeanFactory.doGetBean(AbstractBeanFactory.java:261)
	at org.springframework.beans.factory.support.AbstractBeanFactory.getBean(AbstractBeanFactory.java:185)
	at org.springframework.beans.factory.support.AbstractBeanFactory.getBean(AbstractBeanFactory.java:164)
	at org.springframework.beans.factory.support.DefaultListableBeanFactory.preInstantiateSingletons(DefaultListableBeanFactory.java:429)
	at org.springframework.context.support.AbstractApplicationContext.finishBeanFactoryInitialization(AbstractApplicationContext.java:728)
	at org.springframework.context.support.AbstractApplicationContext.refresh(AbstractApplicationContext.java:380)
	at org.springframework.web.context.ContextLoader.createWebApplicationContext(ContextLoader.java:255)
	at org.springframework.web.context.ContextLoader.initWebApplicationContext(ContextLoader.java:199)
	at org.springframework.web.context.ContextLoaderListener.contextInitialized(ContextLoaderListener.java:45)
	at org.mortbay.jetty.handler.ContextHandler.startContext(ContextHandler.java:548)
	at org.mortbay.jetty.servlet.Context.startContext(Context.java:136)
	at org.mortbay.jetty.webapp.WebAppContext.startContext(WebAppContext.java:1239)
	at org.mortbay.jetty.handler.ContextHandler.doStart(ContextHandler.java:517)
	at org.mortbay.jetty.webapp.WebAppContext.doStart(WebAppContext.java:466)
	at org.mortbay.jetty.plugin.Jetty6PluginWebAppContext.doStart(Jetty6PluginWebAppContext.java:124)
	at org.mortbay.component.AbstractLifeCycle.start(AbstractLifeCycle.java:50)
	at org.mortbay.jetty.handler.HandlerCollection.doStart(HandlerCollection.java:152)
	at org.mortbay.jetty.handler.ContextHandlerCollection.doStart(ContextHandlerCollection.java:156)
	at org.mortbay.component.AbstractLifeCycle.start(AbstractLifeCycle.java:50)
	at org.mortbay.jetty.handler.HandlerCollection.doStart(HandlerCollection.java:152)
	at org.mortbay.component.AbstractLifeCycle.start(AbstractLifeCycle.java:50)
	at org.mortbay.jetty.handler.HandlerWrapper.doStart(HandlerWrapper.java:130)
	at org.mortbay.jetty.Server.doStart(Server.java:222)
	at org.mortbay.component.AbstractLifeCycle.start(AbstractLifeCycle.java:50)
	at org.mortbay.jetty.plugin.Jetty6PluginServer.start(Jetty6PluginServer.java:132)
	at org.mortbay.jetty.plugin.AbstractJettyMojo.startJetty(AbstractJettyMojo.java:441)
	at org.mortbay.jetty.plugin.AbstractJettyMojo.execute(AbstractJettyMojo.java:383)
	at org.mortbay.jetty.plugin.Jetty6RunWar.execute(Jetty6RunWar.java:67)
	at org.apache.maven.plugin.DefaultPluginManager.executeMojo(DefaultPluginManager.java:453)
	at org.apache.maven.lifecycle.DefaultLifecycleExecutor.executeGoals(DefaultLifecycleExecutor.java:559)
	at org.apache.maven.lifecycle.DefaultLifecycleExecutor.executeStandaloneGoal(DefaultLifecycleExecutor.java:513)
	at org.apache.maven.lifecycle.DefaultLifecycleExecutor.executeGoal(DefaultLifecycleExecutor.java:483)
	at org.apache.maven.lifecycle.DefaultLifecycleExecutor.executeGoalAndHandleFailures(DefaultLifecycleExecutor.java:331)
	at org.apache.maven.lifecycle.DefaultLifecycleExecutor.executeTaskSegments(DefaultLifecycleExecutor.java:292)
	at org.apache.maven.lifecycle.DefaultLifecycleExecutor.execute(DefaultLifecycleExecutor.java:142)
	at org.apache.maven.DefaultMaven.doExecute(DefaultMaven.java:336)
	at org.apache.maven.DefaultMaven.execute(DefaultMaven.java:129)
	at org.apache.maven.cli.MavenCli.main(MavenCli.java:301)
	at sun.reflect.NativeMethodAccessorImpl.invoke0(Native Method)
	at sun.reflect.NativeMethodAccessorImpl.invoke(NativeMethodAccessorImpl.java:39)
	at sun.reflect.DelegatingMethodAccessorImpl.invoke(DelegatingMethodAccessorImpl.java:25)
	at java.lang.reflect.Method.invoke(Method.java:597)
	at org.codehaus.classworlds.Launcher.launchEnhanced(Launcher.java:315)
	at org.codehaus.classworlds.Launcher.launch(Launcher.java:255)
	at org.codehaus.classworlds.Launcher.mainWithExitCode(Launcher.java:430)
	at org.codehaus.classworlds.Launcher.main(Launcher.java:375)
Caused by: org.springframework.beans.factory.BeanCreationException: Error creating bean with name 'org.hisp.dhis.i18n.I18nService' defined in URL [jar:file:/C:/Coding/DHIS-Patient/dhis-patient/dhis-2/dhis-web/dhis-web-maintenance/dhis-web-maintenance-patient/target/work/webapp/WEB-INF/lib/dhis-i18n-db-2.0.3-SNAPSHOT.jar!/META-INF/dhis/beans.xml]: Cannot resolve reference to bean 'org.hisp.dhis.translation.TranslationService' while setting bean property 'translationService'; nested exception is org.springframework.beans.factory.BeanCreationException: Error creating bean with name 'org.hisp.dhis.translation.TranslationService' defined in URL [jar:file:/C:/Coding/DHIS-Patient/dhis-patient/dhis-2/dhis-web/dhis-web-maintenance/dhis-web-maintenance-patient/target/work/webapp/WEB-INF/lib/dhis-i18n-db-2.0.3-SNAPSHOT.jar!/META-INF/dhis/beans.xml]: Cannot resolve reference to bean 'org.hisp.dhis.translation.TranslationStore' while setting bean property 'translationStore'; nested exception is org.springframework.beans.factory.BeanCreationException: Error creating bean with name 'org.hisp.dhis.translation.TranslationStore' defined in URL [jar:file:/C:/Coding/DHIS-Patient/dhis-patient/dhis-2/dhis-web/dhis-web-maintenance/dhis-web-maintenance-patient/target/work/webapp/WEB-INF/lib/dhis-i18n-db-2.0.3-SNAPSHOT.jar!/META-INF/dhis/beans.xml]: Cannot resolve reference to bean 'sessionFactory' while setting bean property 'sessionFactory'; nested exception is org.springframework.beans.factory.BeanCreationException: Error creating bean with name 'sessionFactory' defined in URL [jar:file:/C:/Coding/DHIS-Patient/dhis-patient/dhis-2/dhis-web/dhis-web-maintenance/dhis-web-maintenance-patient/target/work/webapp/WEB-INF/lib/dhis-support-hibernate-2.0.3-SNAPSHOT.jar!/META-INF/dhis/beans.xml]: Cannot resolve reference to bean 'dataSource' while setting bean property 'dataSource'; nested exception is org.springframework.beans.factory.BeanCreationException: Error creating bean with name 'dataSource' defined in URL [jar:file:/C:/Coding/DHIS-Patient/dhis-patient/dhis-2/dhis-web/dhis-web-maintenance/dhis-web-maintenance-patient/target/work/webapp/WEB-INF/lib/dhis-support-hibernate-2.0.3-SNAPSHOT.jar!/META-INF/dhis/beans.xml]: Cannot resolve reference to bean 'driverClassName' while setting bean property 'driverClass'; nested exception is org.springframework.beans.factory.BeanCreationException: Error creating bean with name 'driverClassName' defined in URL [jar:file:/C:/Coding/DHIS-Patient/dhis-patient/dhis-2/dhis-web/dhis-web-maintenance/dhis-web-maintenance-patient/target/work/webapp/WEB-INF/lib/dhis-support-hibernate-2.0.3-SNAPSHOT.jar!/META-INF/dhis/beans.xml]: Cannot resolve reference to bean 'org.hisp.dhis.hibernate.HibernateConfigurationProvider' while setting bean property 'hibernateConfigurationProvider'; nested exception is org.springframework.beans.factory.BeanCreationException: Error creating bean with name 'org.hisp.dhis.hibernate.HibernateConfigurationProvider' defined in URL [jar:file:/C:/Coding/DHIS-Patient/dhis-patient/dhis-2/dhis-web/dhis-web-maintenance/dhis-web-maintenance-patient/target/work/webapp/WEB-INF/lib/dhis-support-hibernate-2.0.3-SNAPSHOT.jar!/META-INF/dhis/beans.xml]: Invocation of init method failed; nested exception is org.hibernate.InvalidMappingException: Could not read mapping documents from jar: dhis-service-core-2.0.3-SNAPSHOT.jar
	at org.springframework.beans.factory.support.BeanDefinitionValueResolver.resolveReference(BeanDefinitionValueResolver.java:275)
	at org.springframework.beans.factory.support.BeanDefinitionValueResolver.resolveValueIfNecessary(BeanDefinitionValueResolver.java:104)
	at org.springframework.beans.factory.support.AbstractAutowireCapableBeanFactory.applyPropertyValues(AbstractAutowireCapableBeanFactory.java:1245)
	at org.springframework.beans.factory.support.AbstractAutowireCapableBeanFactory.populateBean(AbstractAutowireCapableBeanFactory.java:1010)
	at org.springframework.beans.factory.support.AbstractAutowireCapableBeanFactory.doCreateBean(AbstractAutowireCapableBeanFactory.java:472)
	at org.springframework.beans.factory.support.AbstractAutowireCapableBeanFactory$1.run(AbstractAutowireCapableBeanFactory.java:409)
	at java.security.AccessController.doPrivileged(Native Method)
	at org.springframework.beans.factory.support.AbstractAutowireCapableBeanFactory.createBean(AbstractAutowireCapableBeanFactory.java:380)
	at org.springframework.beans.factory.support.AbstractBeanFactory$1.getObject(AbstractBeanFactory.java:264)
	at org.springframework.beans.factory.support.DefaultSingletonBeanRegistry.getSingleton(DefaultSingletonBeanRegistry.java:222)
	at org.springframework.beans.factory.support.AbstractBeanFactory.doGetBean(AbstractBeanFactory.java:261)
	at org.springframework.beans.factory.support.AbstractBeanFactory.getBean(AbstractBeanFactory.java:185)
	at org.springframework.beans.factory.support.AbstractBeanFactory.getBean(AbstractBeanFactory.java:164)
	at org.springframework.beans.factory.support.BeanDefinitionValueResolver.resolveReference(BeanDefinitionValueResolver.java:269)
	... 55 more
Caused by: org.springframework.beans.factory.BeanCreationException: Error creating bean with name 'org.hisp.dhis.translation.TranslationService' defined in URL [jar:file:/C:/Coding/DHIS-Patient/dhis-patient/dhis-2/dhis-web/dhis-web-maintenance/dhis-web-maintenance-patient/target/work/webapp/WEB-INF/lib/dhis-i18n-db-2.0.3-SNAPSHOT.jar!/META-INF/dhis/beans.xml]: Cannot resolve reference to bean 'org.hisp.dhis.translation.TranslationStore' while setting bean property 'translationStore'; nested exception is org.springframework.beans.factory.BeanCreationException: Error creating bean with name 'org.hisp.dhis.translation.TranslationStore' defined in URL [jar:file:/C:/Coding/DHIS-Patient/dhis-patient/dhis-2/dhis-web/dhis-web-maintenance/dhis-web-maintenance-patient/target/work/webapp/WEB-INF/lib/dhis-i18n-db-2.0.3-SNAPSHOT.jar!/META-INF/dhis/beans.xml]: Cannot resolve reference to bean 'sessionFactory' while setting bean property 'sessionFactory'; nested exception is org.springframework.beans.factory.BeanCreationException: Error creating bean with name 'sessionFactory' defined in URL [jar:file:/C:/Coding/DHIS-Patient/dhis-patient/dhis-2/dhis-web/dhis-web-maintenance/dhis-web-maintenance-patient/target/work/webapp/WEB-INF/lib/dhis-support-hibernate-2.0.3-SNAPSHOT.jar!/META-INF/dhis/beans.xml]: Cannot resolve reference to bean 'dataSource' while setting bean property 'dataSource'; nested exception is org.springframework.beans.factory.BeanCreationException: Error creating bean with name 'dataSource' defined in URL [jar:file:/C:/Coding/DHIS-Patient/dhis-patient/dhis-2/dhis-web/dhis-web-maintenance/dhis-web-maintenance-patient/target/work/webapp/WEB-INF/lib/dhis-support-hibernate-2.0.3-SNAPSHOT.jar!/META-INF/dhis/beans.xml]: Cannot resolve reference to bean 'driverClassName' while setting bean property 'driverClass'; nested exception is org.springframework.beans.factory.BeanCreationException: Error creating bean with name 'driverClassName' defined in URL [jar:file:/C:/Coding/DHIS-Patient/dhis-patient/dhis-2/dhis-web/dhis-web-maintenance/dhis-web-maintenance-patient/target/work/webapp/WEB-INF/lib/dhis-support-hibernate-2.0.3-SNAPSHOT.jar!/META-INF/dhis/beans.xml]: Cannot resolve reference to bean 'org.hisp.dhis.hibernate.HibernateConfigurationProvider' while setting bean property 'hibernateConfigurationProvider'; nested exception is org.springframework.beans.factory.BeanCreationException: Error creating bean with name 'org.hisp.dhis.hibernate.HibernateConfigurationProvider' defined in URL [jar:file:/C:/Coding/DHIS-Patient/dhis-patient/dhis-2/dhis-web/dhis-web-maintenance/dhis-web-maintenance-patient/target/work/webapp/WEB-INF/lib/dhis-support-hibernate-2.0.3-SNAPSHOT.jar!/META-INF/dhis/beans.xml]: Invocation of init method failed; nested exception is org.hibernate.InvalidMappingException: Could not read mapping documents from jar: dhis-service-core-2.0.3-SNAPSHOT.jar
	at org.springframework.beans.factory.support.BeanDefinitionValueResolver.resolveReference(BeanDefinitionValueResolver.java:275)
	at org.springframework.beans.factory.support.BeanDefinitionValueResolver.resolveValueIfNecessary(BeanDefinitionValueResolver.java:104)
	at org.springframework.beans.factory.support.AbstractAutowireCapableBeanFactory.applyPropertyValues(AbstractAutowireCapableBeanFactory.java:1245)
	at org.springframework.beans.factory.support.AbstractAutowireCapableBeanFactory.populateBean(AbstractAutowireCapableBeanFactory.java:1010)
	at org.springframework.beans.factory.support.AbstractAutowireCapableBeanFactory.doCreateBean(AbstractAutowireCapableBeanFactory.java:472)
	at org.springframework.beans.factory.support.AbstractAutowireCapableBeanFactory$1.run(AbstractAutowireCapableBeanFactory.java:409)
	at java.security.AccessController.doPrivileged(Native Method)
	at org.springframework.beans.factory.support.AbstractAutowireCapableBeanFactory.createBean(AbstractAutowireCapableBeanFactory.java:380)
	at org.springframework.beans.factory.support.AbstractBeanFactory$1.getObject(AbstractBeanFactory.java:264)
	at org.springframework.beans.factory.support.DefaultSingletonBeanRegistry.getSingleton(DefaultSingletonBeanRegistry.java:222)
	at org.springframework.beans.factory.support.AbstractBeanFactory.doGetBean(AbstractBeanFactory.java:261)
	at org.springframework.beans.factory.support.AbstractBeanFactory.getBean(AbstractBeanFactory.java:185)
	at org.springframework.beans.factory.support.AbstractBeanFactory.getBean(AbstractBeanFactory.java:164)
	at org.springframework.beans.factory.support.BeanDefinitionValueResolver.resolveReference(BeanDefinitionValueResolver.java:269)
	... 68 more
Caused by: org.springframework.beans.factory.BeanCreationException: Error creating bean with name 'org.hisp.dhis.translation.TranslationStore' defined in URL [jar:file:/C:/Coding/DHIS-Patient/dhis-patient/dhis-2/dhis-web/dhis-web-maintenance/dhis-web-maintenance-patient/target/work/webapp/WEB-INF/lib/dhis-i18n-db-2.0.3-SNAPSHOT.jar!/META-INF/dhis/beans.xml]: Cannot resolve reference to bean 'sessionFactory' while setting bean property 'sessionFactory'; nested exception is org.springframework.beans.factory.BeanCreationException: Error creating bean with name 'sessionFactory' defined in URL [jar:file:/C:/Coding/DHIS-Patient/dhis-patient/dhis-2/dhis-web/dhis-web-maintenance/dhis-web-maintenance-patient/target/work/webapp/WEB-INF/lib/dhis-support-hibernate-2.0.3-SNAPSHOT.jar!/META-INF/dhis/beans.xml]: Cannot resolve reference to bean 'dataSource' while setting bean property 'dataSource'; nested exception is org.springframework.beans.factory.BeanCreationException: Error creating bean with name 'dataSource' defined in URL [jar:file:/C:/Coding/DHIS-Patient/dhis-patient/dhis-2/dhis-web/dhis-web-maintenance/dhis-web-maintenance-patient/target/work/webapp/WEB-INF/lib/dhis-support-hibernate-2.0.3-SNAPSHOT.jar!/META-INF/dhis/beans.xml]: Cannot resolve reference to bean 'driverClassName' while setting bean property 'driverClass'; nested exception is org.springframework.beans.factory.BeanCreationException: Error creating bean with name 'driverClassName' defined in URL [jar:file:/C:/Coding/DHIS-Patient/dhis-patient/dhis-2/dhis-web/dhis-web-maintenance/dhis-web-maintenance-patient/target/work/webapp/WEB-INF/lib/dhis-support-hibernate-2.0.3-SNAPSHOT.jar!/META-INF/dhis/beans.xml]: Cannot resolve reference to bean 'org.hisp.dhis.hibernate.HibernateConfigurationProvider' while setting bean property 'hibernateConfigurationProvider'; nested exception is org.springframework.beans.factory.BeanCreationException: Error creating bean with name 'org.hisp.dhis.hibernate.HibernateConfigurationProvider' defined in URL [jar:file:/C:/Coding/DHIS-Patient/dhis-patient/dhis-2/dhis-web/dhis-web-maintenance/dhis-web-maintenance-patient/target/work/webapp/WEB-INF/lib/dhis-support-hibernate-2.0.3-SNAPSHOT.jar!/META-INF/dhis/beans.xml]: Invocation of init method failed; nested exception is org.hibernate.InvalidMappingException: Could not read mapping documents from jar: dhis-service-core-2.0.3-SNAPSHOT.jar
	at org.springframework.beans.factory.support.BeanDefinitionValueResolver.resolveReference(BeanDefinitionValueResolver.java:275)
	at org.springframework.beans.factory.support.BeanDefinitionValueResolver.resolveValueIfNecessary(BeanDefinitionValueResolver.java:104)
	at org.springframework.beans.factory.support.AbstractAutowireCapableBeanFactory.applyPropertyValues(AbstractAutowireCapableBeanFactory.java:1245)
	at org.springframework.beans.factory.support.AbstractAutowireCapableBeanFactory.populateBean(AbstractAutowireCapableBeanFactory.java:1010)
	at org.springframework.beans.factory.support.AbstractAutowireCapableBeanFactory.doCreateBean(AbstractAutowireCapableBeanFactory.java:472)
	at org.springframework.beans.factory.support.AbstractAutowireCapableBeanFactory$1.run(AbstractAutowireCapableBeanFactory.java:409)
	at java.security.AccessController.doPrivileged(Native Method)
	at org.springframework.beans.factory.support.AbstractAutowireCapableBeanFactory.createBean(AbstractAutowireCapableBeanFactory.java:380)
	at org.springframework.beans.factory.support.AbstractBeanFactory$1.getObject(AbstractBeanFactory.java:264)
	at org.springframework.beans.factory.support.DefaultSingletonBeanRegistry.getSingleton(DefaultSingletonBeanRegistry.java:222)
	at org.springframework.beans.factory.support.AbstractBeanFactory.doGetBean(AbstractBeanFactory.java:261)
	at org.springframework.beans.factory.support.AbstractBeanFactory.getBean(AbstractBeanFactory.java:185)
	at org.springframework.beans.factory.support.AbstractBeanFactory.getBean(AbstractBeanFactory.java:164)
	at org.springframework.beans.factory.support.BeanDefinitionValueResolver.resolveReference(BeanDefinitionValueResolver.java:269)
	... 81 more
Caused by: org.springframework.beans.factory.BeanCreationException: Error creating bean with name 'sessionFactory' defined in URL [jar:file:/C:/Coding/DHIS-Patient/dhis-patient/dhis-2/dhis-web/dhis-web-maintenance/dhis-web-maintenance-patient/target/work/webapp/WEB-INF/lib/dhis-support-hibernate-2.0.3-SNAPSHOT.jar!/META-INF/dhis/beans.xml]: Cannot resolve reference to bean 'dataSource' while setting bean property 'dataSource'; nested exception is org.springframework.beans.factory.BeanCreationException: Error creating bean with name 'dataSource' defined in URL [jar:file:/C:/Coding/DHIS-Patient/dhis-patient/dhis-2/dhis-web/dhis-web-maintenance/dhis-web-maintenance-patient/target/work/webapp/WEB-INF/lib/dhis-support-hibernate-2.0.3-SNAPSHOT.jar!/META-INF/dhis/beans.xml]: Cannot resolve reference to bean 'driverClassName' while setting bean property 'driverClass'; nested exception is org.springframework.beans.factory.BeanCreationException: Error creating bean with name 'driverClassName' defined in URL [jar:file:/C:/Coding/DHIS-Patient/dhis-patient/dhis-2/dhis-web/dhis-web-maintenance/dhis-web-maintenance-patient/target/work/webapp/WEB-INF/lib/dhis-support-hibernate-2.0.3-SNAPSHOT.jar!/META-INF/dhis/beans.xml]: Cannot resolve reference to bean 'org.hisp.dhis.hibernate.HibernateConfigurationProvider' while setting bean property 'hibernateConfigurationProvider'; nested exception is org.springframework.beans.factory.BeanCreationException: Error creating bean with name 'org.hisp.dhis.hibernate.HibernateConfigurationProvider' defined in URL [jar:file:/C:/Coding/DHIS-Patient/dhis-patient/dhis-2/dhis-web/dhis-web-maintenance/dhis-web-maintenance-patient/target/work/webapp/WEB-INF/lib/dhis-support-hibernate-2.0.3-SNAPSHOT.jar!/META-INF/dhis/beans.xml]: Invocation of init method failed; nested exception is org.hibernate.InvalidMappingException: Could not read mapping documents from jar: dhis-service-core-2.0.3-SNAPSHOT.jar
	at org.springframework.beans.factory.support.BeanDefinitionValueResolver.resolveReference(BeanDefinitionValueResolver.java:275)
	at org.springframework.beans.factory.support.BeanDefinitionValueResolver.resolveValueIfNecessary(BeanDefinitionValueResolver.java:104)
	at org.springframework.beans.factory.support.AbstractAutowireCapableBeanFactory.applyPropertyValues(AbstractAutowireCapableBeanFactory.java:1245)
	at org.springframework.beans.factory.support.AbstractAutowireCapableBeanFactory.populateBean(AbstractAutowireCapableBeanFactory.java:1010)
	at org.springframework.beans.factory.support.AbstractAutowireCapableBeanFactory.doCreateBean(AbstractAutowireCapableBeanFactory.java:472)
	at org.springframework.beans.factory.support.AbstractAutowireCapableBeanFactory$1.run(AbstractAutowireCapableBeanFactory.java:409)
	at java.security.AccessController.doPrivileged(Native Method)
	at org.springframework.beans.factory.support.AbstractAutowireCapableBeanFactory.createBean(AbstractAutowireCapableBeanFactory.java:380)
	at org.springframework.beans.factory.support.AbstractBeanFactory$1.getObject(AbstractBeanFactory.java:264)
	at org.springframework.beans.factory.support.DefaultSingletonBeanRegistry.getSingleton(DefaultSingletonBeanRegistry.java:222)
	at org.springframework.beans.factory.support.AbstractBeanFactory.doGetBean(AbstractBeanFactory.java:261)
	at org.springframework.beans.factory.support.AbstractBeanFactory.getBean(AbstractBeanFactory.java:185)
	at org.springframework.beans.factory.support.AbstractBeanFactory.getBean(AbstractBeanFactory.java:164)
	at org.springframework.beans.factory.support.BeanDefinitionValueResolver.resolveReference(BeanDefinitionValueResolver.java:269)
	... 94 more
Caused by: org.springframework.beans.factory.BeanCreationException: Error creating bean with name 'dataSource' defined in URL [jar:file:/C:/Coding/DHIS-Patient/dhis-patient/dhis-2/dhis-web/dhis-web-maintenance/dhis-web-maintenance-patient/target/work/webapp/WEB-INF/lib/dhis-support-hibernate-2.0.3-SNAPSHOT.jar!/META-INF/dhis/beans.xml]: Cannot resolve reference to bean 'driverClassName' while setting bean property 'driverClass'; nested exception is org.springframework.beans.factory.BeanCreationException: Error creating bean with name 'driverClassName' defined in URL [jar:file:/C:/Coding/DHIS-Patient/dhis-patient/dhis-2/dhis-web/dhis-web-maintenance/dhis-web-maintenance-patient/target/work/webapp/WEB-INF/lib/dhis-support-hibernate-2.0.3-SNAPSHOT.jar!/META-INF/dhis/beans.xml]: Cannot resolve reference to bean 'org.hisp.dhis.hibernate.HibernateConfigurationProvider' while setting bean property 'hibernateConfigurationProvider'; nested exception is org.springframework.beans.factory.BeanCreationException: Error creating bean with name 'org.hisp.dhis.hibernate.HibernateConfigurationProvider' defined in URL [jar:file:/C:/Coding/DHIS-Patient/dhis-patient/dhis-2/dhis-web/dhis-web-maintenance/dhis-web-maintenance-patient/target/work/webapp/WEB-INF/lib/dhis-support-hibernate-2.0.3-SNAPSHOT.jar!/META-INF/dhis/beans.xml]: Invocation of init method failed; nested exception is org.hibernate.InvalidMappingException: Could not read mapping documents from jar: dhis-service-core-2.0.3-SNAPSHOT.jar
	at org.springframework.beans.factory.support.BeanDefinitionValueResolver.resolveReference(BeanDefinitionValueResolver.java:275)
	at org.springframework.beans.factory.support.BeanDefinitionValueResolver.resolveValueIfNecessary(BeanDefinitionValueResolver.java:104)
	at org.springframework.beans.factory.support.AbstractAutowireCapableBeanFactory.applyPropertyValues(AbstractAutowireCapableBeanFactory.java:1245)
	at org.springframework.beans.factory.support.AbstractAutowireCapableBeanFactory.populateBean(AbstractAutowireCapableBeanFactory.java:1010)
	at org.springframework.beans.factory.support.AbstractAutowireCapableBeanFactory.doCreateBean(AbstractAutowireCapableBeanFactory.java:472)
	at org.springframework.beans.factory.support.AbstractAutowireCapableBeanFactory$1.run(AbstractAutowireCapableBeanFactory.java:409)
	at java.security.AccessController.doPrivileged(Native Method)
	at org.springframework.beans.factory.support.AbstractAutowireCapableBeanFactory.createBean(AbstractAutowireCapableBeanFactory.java:380)
	at org.springframework.beans.factory.support.AbstractBeanFactory$1.getObject(AbstractBeanFactory.java:264)
	at org.springframework.beans.factory.support.DefaultSingletonBeanRegistry.getSingleton(DefaultSingletonBeanRegistry.java:222)
	at org.springframework.beans.factory.support.AbstractBeanFactory.doGetBean(AbstractBeanFactory.java:261)
	at org.springframework.beans.factory.support.AbstractBeanFactory.getBean(AbstractBeanFactory.java:185)
	at org.springframework.beans.factory.support.AbstractBeanFactory.getBean(AbstractBeanFactory.java:164)
	at org.springframework.beans.factory.support.BeanDefinitionValueResolver.resolveReference(BeanDefinitionValueResolver.java:269)
	... 107 more
Caused by: org.springframework.beans.factory.BeanCreationException: Error creating bean with name 'driverClassName' defined in URL [jar:file:/C:/Coding/DHIS-Patient/dhis-patient/dhis-2/dhis-web/dhis-web-maintenance/dhis-web-maintenance-patient/target/work/webapp/WEB-INF/lib/dhis-support-hibernate-2.0.3-SNAPSHOT.jar!/META-INF/dhis/beans.xml]: Cannot resolve reference to bean 'org.hisp.dhis.hibernate.HibernateConfigurationProvider' while setting bean property 'hibernateConfigurationProvider'; nested exception is org.springframework.beans.factory.BeanCreationException: Error creating bean with name 'org.hisp.dhis.hibernate.HibernateConfigurationProvider' defined in URL [jar:file:/C:/Coding/DHIS-Patient/dhis-patient/dhis-2/dhis-web/dhis-web-maintenance/dhis-web-maintenance-patient/target/work/webapp/WEB-INF/lib/dhis-support-hibernate-2.0.3-SNAPSHOT.jar!/META-INF/dhis/beans.xml]: Invocation of init method failed; nested exception is org.hibernate.InvalidMappingException: Could not read mapping documents from jar: dhis-service-core-2.0.3-SNAPSHOT.jar
	at org.springframework.beans.factory.support.BeanDefinitionValueResolver.resolveReference(BeanDefinitionValueResolver.java:275)
	at org.springframework.beans.factory.support.BeanDefinitionValueResolver.resolveValueIfNecessary(BeanDefinitionValueResolver.java:104)
	at org.springframework.beans.factory.support.AbstractAutowireCapableBeanFactory.applyPropertyValues(AbstractAutowireCapableBeanFactory.java:1245)
	at org.springframework.beans.factory.support.AbstractAutowireCapableBeanFactory.populateBean(AbstractAutowireCapableBeanFactory.java:1010)
	at org.springframework.beans.factory.support.AbstractAutowireCapableBeanFactory.doCreateBean(AbstractAutowireCapableBeanFactory.java:472)
	at org.springframework.beans.factory.support.AbstractAutowireCapableBeanFactory$1.run(AbstractAutowireCapableBeanFactory.java:409)
	at java.security.AccessController.doPrivileged(Native Method)
	at org.springframework.beans.factory.support.AbstractAutowireCapableBeanFactory.createBean(AbstractAutowireCapableBeanFactory.java:380)
	at org.springframework.beans.factory.support.AbstractBeanFactory$1.getObject(AbstractBeanFactory.java:264)
	at org.springframework.beans.factory.support.DefaultSingletonBeanRegistry.getSingleton(DefaultSingletonBeanRegistry.java:222)
	at org.springframework.beans.factory.support.AbstractBeanFactory.doGetBean(AbstractBeanFactory.java:261)
	at org.springframework.beans.factory.support.AbstractBeanFactory.getBean(AbstractBeanFactory.java:185)
	at org.springframework.beans.factory.support.AbstractBeanFactory.getBean(AbstractBeanFactory.java:164)
	at org.springframework.beans.factory.support.BeanDefinitionValueResolver.resolveReference(BeanDefinitionValueResolver.java:269)
	... 120 more
Caused by: org.springframework.beans.factory.BeanCreationException: Error creating bean with name 'org.hisp.dhis.hibernate.HibernateConfigurationProvider' defined in URL [jar:file:/C:/Coding/DHIS-Patient/dhis-patient/dhis-2/dhis-web/dhis-web-maintenance/dhis-web-maintenance-patient/target/work/webapp/WEB-INF/lib/dhis-support-hibernate-2.0.3-SNAPSHOT.jar!/META-INF/dhis/beans.xml]: Invocation of init method failed; nested exception is org.hibernate.InvalidMappingException: Could not read mapping documents from jar: dhis-service-core-2.0.3-SNAPSHOT.jar
	at org.springframework.beans.factory.support.AbstractAutowireCapableBeanFactory.initializeBean(AbstractAutowireCapableBeanFactory.java:1338)
	at org.springframework.beans.factory.support.AbstractAutowireCapableBeanFactory.doCreateBean(AbstractAutowireCapableBeanFactory.java:473)
	at org.springframework.beans.factory.support.AbstractAutowireCapableBeanFactory$1.run(AbstractAutowireCapableBeanFactory.java:409)
	at java.security.AccessController.doPrivileged(Native Method)
	at org.springframework.beans.factory.support.AbstractAutowireCapableBeanFactory.createBean(AbstractAutowireCapableBeanFactory.java:380)
	at org.springframework.beans.factory.support.AbstractBeanFactory$1.getObject(AbstractBeanFactory.java:264)
	at org.springframework.beans.factory.support.DefaultSingletonBeanRegistry.getSingleton(DefaultSingletonBeanRegistry.java:222)
	at org.springframework.beans.factory.support.AbstractBeanFactory.doGetBean(AbstractBeanFactory.java:261)
	at org.springframework.beans.factory.support.AbstractBeanFactory.getBean(AbstractBeanFactory.java:185)
	at org.springframework.beans.factory.support.AbstractBeanFactory.getBean(AbstractBeanFactory.java:164)
	at org.springframework.beans.factory.support.BeanDefinitionValueResolver.resolveReference(BeanDefinitionValueResolver.java:269)
	... 133 more
Caused by: org.hibernate.InvalidMappingException: Could not read mapping documents from jar: dhis-service-core-2.0.3-SNAPSHOT.jar
	at org.hibernate.cfg.Configuration.addJar(Configuration.java:627)
	at org.hisp.dhis.hibernate.DefaultHibernateConfigurationProvider.initialise(DefaultHibernateConfigurationProvider.java:120)
	at sun.reflect.NativeMethodAccessorImpl.invoke0(Native Method)
	at sun.reflect.NativeMethodAccessorImpl.invoke(NativeMethodAccessorImpl.java:39)
	at sun.reflect.DelegatingMethodAccessorImpl.invoke(DelegatingMethodAccessorImpl.java:25)
	at java.lang.reflect.Method.invoke(Method.java:597)
	at org.springframework.beans.factory.support.AbstractAutowireCapableBeanFactory.invokeCustomInitMethod(AbstractAutowireCapableBeanFactory.java:1414)
	at org.springframework.beans.factory.support.AbstractAutowireCapableBeanFactory.invokeInitMethods(AbstractAutowireCapableBeanFactory.java:1375)
	at org.springframework.beans.factory.support.AbstractAutowireCapableBeanFactory.initializeBean(AbstractAutowireCapableBeanFactory.java:1335)
	... 143 more
Caused by: org.hibernate.MappingException: class org.hisp.dhis.activityplan.ActivityPlan not found while looking for property: id
	at org.hibernate.util.ReflectHelper.reflectedPropertyClass(ReflectHelper.java:74)
	at org.hibernate.mapping.SimpleValue.setTypeUsingReflection(SimpleValue.java:279)
	at org.hibernate.cfg.HbmBinder.bindSimpleId(HbmBinder.java:401)
	at org.hibernate.cfg.HbmBinder.bindRootPersistentClassCommonValues(HbmBinder.java:334)
	at org.hibernate.cfg.HbmBinder.bindRootClass(HbmBinder.java:273)
	at org.hibernate.cfg.HbmBinder.bindRoot(HbmBinder.java:144)
	at org.hibernate.cfg.Configuration.add(Configuration.java:675)
	at org.hibernate.cfg.Configuration.addInputStream(Configuration.java:510)
	at org.hibernate.cfg.Configuration.addJar(Configuration.java:624)
	... 151 more
Caused by: java.lang.ClassNotFoundException: org.hisp.dhis.activityplan.ActivityPlan
	at java.net.URLClassLoader$1.run(URLClassLoader.java:200)
	at java.security.AccessController.doPrivileged(Native Method)
	at java.net.URLClassLoader.findClass(URLClassLoader.java:188)
	at java.lang.ClassLoader.loadClass(ClassLoader.java:307)
	at org.codehaus.classworlds.RealmClassLoader.loadClassDirect(RealmClassLoader.java:195)
	at org.codehaus.classworlds.DefaultClassRealm.loadClass(DefaultClassRealm.java:255)
	at org.codehaus.classworlds.DefaultClassRealm.loadClass(DefaultClassRealm.java:274)
	at org.codehaus.classworlds.RealmClassLoader.loadClass(RealmClassLoader.java:214)
	at java.lang.ClassLoader.loadClass(ClassLoader.java:252)
	at org.mortbay.jetty.webapp.WebAppClassLoader.loadClass(WebAppClassLoader.java:401)
	at org.mortbay.jetty.webapp.WebAppClassLoader.loadClass(WebAppClassLoader.java:363)
	at java.lang.ClassLoader.loadClassInternal(ClassLoader.java:320)
	at java.lang.Class.forName0(Native Method)
	at java.lang.Class.forName(Class.java:169)
	at org.hibernate.util.ReflectHelper.classForName(ReflectHelper.java:100)
	at org.hibernate.util.ReflectHelper.reflectedPropertyClass(ReflectHelper.java:70)
	... 159 more
[INFO] Started Jetty Server
[INFO] Jetty server exiting.
[INFO] ------------------------------------------------------------------------
[INFO] BUILD SUCCESSFUL
[INFO] ------------------------------------------------------------------------
[INFO] Total time: 42 seconds
[INFO] Finished at: Wed Sep 23 00:23:26 CEST 2009
[INFO] Final Memory: 18M/36M
[INFO] ------------------------------------------------------------------------
Terminate batch job (Y/N)? 
